{"total": {"lines":{"total":407,"covered":112,"skipped":0,"pct":27.51},"statements":{"total":503,"covered":138,"skipped":0,"pct":27.43},"functions":{"total":106,"covered":0,"skipped":0,"pct":0},"branches":{"total":119,"covered":0,"skipped":0,"pct":0},"branchesTrue":{"total":0,"covered":0,"skipped":0,"pct":100}}
,"/home/ruijadom/code/projects/advicefront/af-fe-design-system/src/packages/components/_dummy/src/AfDummy.tsx": {"lines":{"total":7,"covered":3,"skipped":0,"pct":42.85},"functions":{"total":1,"covered":0,"skipped":0,"pct":0},"statements":{"total":8,"covered":4,"skipped":0,"pct":50},"branches":{"total":0,"covered":0,"skipped":0,"pct":100}}
,"/home/ruijadom/code/projects/advicefront/af-fe-design-system/src/packages/components/_dummy/src/index.ts": {"lines":{"total":3,"covered":3,"skipped":0,"pct":100},"functions":{"total":0,"covered":0,"skipped":0,"pct":100},"statements":{"total":3,"covered":3,"skipped":0,"pct":100},"branches":{"total":0,"covered":0,"skipped":0,"pct":100}}
,"/home/ruijadom/code/projects/advicefront/af-fe-design-system/src/packages/components/_dummy/src/hooks/dummy-hook.ts": {"lines":{"total":2,"covered":1,"skipped":0,"pct":50},"functions":{"total":1,"covered":0,"skipped":0,"pct":0},"statements":{"total":3,"covered":2,"skipped":0,"pct":66.66},"branches":{"total":0,"covered":0,"skipped":0,"pct":100}}
,"/home/ruijadom/code/projects/advicefront/af-fe-design-system/src/packages/components/_dummy/src/utils/dummy-util.ts": {"lines":{"total":2,"covered":1,"skipped":0,"pct":50},"functions":{"total":1,"covered":0,"skipped":0,"pct":0},"statements":{"total":3,"covered":2,"skipped":0,"pct":66.66},"branches":{"total":0,"covered":0,"skipped":0,"pct":100}}
,"/home/ruijadom/code/projects/advicefront/af-fe-design-system/src/packages/components/base/src/AfContentScope.tsx": {"lines":{"total":10,"covered":3,"skipped":0,"pct":30},"functions":{"total":1,"covered":0,"skipped":0,"pct":0},"statements":{"total":11,"covered":4,"skipped":0,"pct":36.36},"branches":{"total":0,"covered":0,"skipped":0,"pct":100}}
,"/home/ruijadom/code/projects/advicefront/af-fe-design-system/src/packages/components/base/src/AfRoot.tsx": {"lines":{"total":41,"covered":4,"skipped":0,"pct":9.75},"functions":{"total":22,"covered":0,"skipped":0,"pct":0},"statements":{"total":56,"covered":5,"skipped":0,"pct":8.92},"branches":{"total":11,"covered":0,"skipped":0,"pct":0}}
,"/home/ruijadom/code/projects/advicefront/af-fe-design-system/src/packages/components/base/src/AfScopeLayer.tsx": {"lines":{"total":22,"covered":5,"skipped":0,"pct":22.72},"functions":{"total":4,"covered":0,"skipped":0,"pct":0},"statements":{"total":27,"covered":6,"skipped":0,"pct":22.22},"branches":{"total":7,"covered":0,"skipped":0,"pct":0}}
,"/home/ruijadom/code/projects/advicefront/af-fe-design-system/src/packages/components/base/src/context.ts": {"lines":{"total":9,"covered":4,"skipped":0,"pct":44.44},"functions":{"total":3,"covered":0,"skipped":0,"pct":0},"statements":{"total":9,"covered":4,"skipped":0,"pct":44.44},"branches":{"total":0,"covered":0,"skipped":0,"pct":100}}
,"/home/ruijadom/code/projects/advicefront/af-fe-design-system/src/packages/components/base/src/index.ts": {"lines":{"total":10,"covered":10,"skipped":0,"pct":100},"functions":{"total":0,"covered":0,"skipped":0,"pct":100},"statements":{"total":10,"covered":10,"skipped":0,"pct":100},"branches":{"total":0,"covered":0,"skipped":0,"pct":100}}
,"/home/ruijadom/code/projects/advicefront/af-fe-design-system/src/packages/components/base/src/hooks/class-names.ts": {"lines":{"total":9,"covered":4,"skipped":0,"pct":44.44},"functions":{"total":2,"covered":0,"skipped":0,"pct":0},"statements":{"total":10,"covered":5,"skipped":0,"pct":50},"branches":{"total":0,"covered":0,"skipped":0,"pct":100}}
,"/home/ruijadom/code/projects/advicefront/af-fe-design-system/src/packages/components/base/src/hooks/clickOutside.ts": {"lines":{"total":8,"covered":0,"skipped":0,"pct":0},"functions":{"total":2,"covered":0,"skipped":0,"pct":0},"statements":{"total":8,"covered":0,"skipped":0,"pct":0},"branches":{"total":8,"covered":0,"skipped":0,"pct":0}}
,"/home/ruijadom/code/projects/advicefront/af-fe-design-system/src/packages/components/base/src/hooks/dom.ts": {"lines":{"total":9,"covered":2,"skipped":0,"pct":22.22},"functions":{"total":3,"covered":0,"skipped":0,"pct":0},"statements":{"total":13,"covered":3,"skipped":0,"pct":23.07},"branches":{"total":1,"covered":0,"skipped":0,"pct":0}}
,"/home/ruijadom/code/projects/advicefront/af-fe-design-system/src/packages/components/base/src/hooks/eventListener.ts": {"lines":{"total":15,"covered":0,"skipped":0,"pct":0},"functions":{"total":5,"covered":0,"skipped":0,"pct":0},"statements":{"total":15,"covered":0,"skipped":0,"pct":0},"branches":{"total":9,"covered":0,"skipped":0,"pct":0}}
,"/home/ruijadom/code/projects/advicefront/af-fe-design-system/src/packages/components/base/src/hooks/isomorphicLayoutEffect.ts": {"lines":{"total":3,"covered":0,"skipped":0,"pct":0},"functions":{"total":0,"covered":0,"skipped":0,"pct":100},"statements":{"total":3,"covered":0,"skipped":0,"pct":0},"branches":{"total":2,"covered":0,"skipped":0,"pct":0}}
,"/home/ruijadom/code/projects/advicefront/af-fe-design-system/src/packages/components/base/src/hooks/mounted.ts": {"lines":{"total":9,"covered":2,"skipped":0,"pct":22.22},"functions":{"total":4,"covered":0,"skipped":0,"pct":0},"statements":{"total":11,"covered":3,"skipped":0,"pct":27.27},"branches":{"total":0,"covered":0,"skipped":0,"pct":100}}
,"/home/ruijadom/code/projects/advicefront/af-fe-design-system/src/packages/components/base/src/hooks/prefixed.ts": {"lines":{"total":7,"covered":3,"skipped":0,"pct":42.85},"functions":{"total":3,"covered":0,"skipped":0,"pct":0},"statements":{"total":8,"covered":4,"skipped":0,"pct":50},"branches":{"total":0,"covered":0,"skipped":0,"pct":100}}
,"/home/ruijadom/code/projects/advicefront/af-fe-design-system/src/packages/components/base/src/hooks/previous.ts": {"lines":{"total":6,"covered":2,"skipped":0,"pct":33.33},"functions":{"total":2,"covered":0,"skipped":0,"pct":0},"statements":{"total":7,"covered":3,"skipped":0,"pct":42.85},"branches":{"total":0,"covered":0,"skipped":0,"pct":100}}
,"/home/ruijadom/code/projects/advicefront/af-fe-design-system/src/packages/components/base/src/hooks/uid.ts": {"lines":{"total":6,"covered":3,"skipped":0,"pct":50},"functions":{"total":1,"covered":0,"skipped":0,"pct":0},"statements":{"total":9,"covered":4,"skipped":0,"pct":44.44},"branches":{"total":0,"covered":0,"skipped":0,"pct":100}}
,"/home/ruijadom/code/projects/advicefront/af-fe-design-system/src/packages/components/base/src/utils/get-class-names.ts": {"lines":{"total":14,"covered":1,"skipped":0,"pct":7.14},"functions":{"total":7,"covered":0,"skipped":0,"pct":0},"statements":{"total":16,"covered":2,"skipped":0,"pct":12.5},"branches":{"total":6,"covered":0,"skipped":0,"pct":0}}
,"/home/ruijadom/code/projects/advicefront/af-fe-design-system/src/packages/components/button/src/AfButton.tsx": {"lines":{"total":15,"covered":4,"skipped":0,"pct":26.66},"functions":{"total":1,"covered":0,"skipped":0,"pct":0},"statements":{"total":19,"covered":5,"skipped":0,"pct":26.31},"branches":{"total":12,"covered":0,"skipped":0,"pct":0}}
,"/home/ruijadom/code/projects/advicefront/af-fe-design-system/src/packages/components/button/src/index.ts": {"lines":{"total":1,"covered":1,"skipped":0,"pct":100},"functions":{"total":0,"covered":0,"skipped":0,"pct":100},"statements":{"total":1,"covered":1,"skipped":0,"pct":100},"branches":{"total":0,"covered":0,"skipped":0,"pct":100}}
,"/home/ruijadom/code/projects/advicefront/af-fe-design-system/src/packages/components/elevation/src/constants.ts": {"lines":{"total":1,"covered":1,"skipped":0,"pct":100},"functions":{"total":0,"covered":0,"skipped":0,"pct":100},"statements":{"total":1,"covered":1,"skipped":0,"pct":100},"branches":{"total":0,"covered":0,"skipped":0,"pct":100}}
,"/home/ruijadom/code/projects/advicefront/af-fe-design-system/src/packages/components/elevation/src/index.ts": {"lines":{"total":1,"covered":1,"skipped":0,"pct":100},"functions":{"total":0,"covered":0,"skipped":0,"pct":100},"statements":{"total":1,"covered":1,"skipped":0,"pct":100},"branches":{"total":0,"covered":0,"skipped":0,"pct":100}}
,"/home/ruijadom/code/projects/advicefront/af-fe-design-system/src/packages/components/focus-trap/src/AfFocusTrap.tsx": {"lines":{"total":53,"covered":5,"skipped":0,"pct":9.43},"functions":{"total":14,"covered":0,"skipped":0,"pct":0},"statements":{"total":68,"covered":6,"skipped":0,"pct":8.82},"branches":{"total":24,"covered":0,"skipped":0,"pct":0}}
,"/home/ruijadom/code/projects/advicefront/af-fe-design-system/src/packages/components/focus-trap/src/context.ts": {"lines":{"total":7,"covered":4,"skipped":0,"pct":57.14},"functions":{"total":2,"covered":0,"skipped":0,"pct":0},"statements":{"total":7,"covered":4,"skipped":0,"pct":57.14},"branches":{"total":0,"covered":0,"skipped":0,"pct":100}}
,"/home/ruijadom/code/projects/advicefront/af-fe-design-system/src/packages/components/focus-trap/src/index.ts": {"lines":{"total":2,"covered":2,"skipped":0,"pct":100},"functions":{"total":0,"covered":0,"skipped":0,"pct":100},"statements":{"total":2,"covered":2,"skipped":0,"pct":100},"branches":{"total":0,"covered":0,"skipped":0,"pct":100}}
,"/home/ruijadom/code/projects/advicefront/af-fe-design-system/src/packages/components/focus-trap/src/hooks/focus-trap.ts": {"lines":{"total":4,"covered":3,"skipped":0,"pct":75},"functions":{"total":1,"covered":0,"skipped":0,"pct":0},"statements":{"total":5,"covered":4,"skipped":0,"pct":80},"branches":{"total":0,"covered":0,"skipped":0,"pct":100}}
,"/home/ruijadom/code/projects/advicefront/af-fe-design-system/src/packages/components/focus-trap/src/utils/get-focusable-elements.ts": {"lines":{"total":10,"covered":1,"skipped":0,"pct":10},"functions":{"total":2,"covered":0,"skipped":0,"pct":0},"statements":{"total":13,"covered":2,"skipped":0,"pct":15.38},"branches":{"total":6,"covered":0,"skipped":0,"pct":0}}
,"/home/ruijadom/code/projects/advicefront/af-fe-design-system/src/packages/components/grid/src/AfCol.tsx": {"lines":{"total":8,"covered":4,"skipped":0,"pct":50},"functions":{"total":1,"covered":0,"skipped":0,"pct":0},"statements":{"total":13,"covered":5,"skipped":0,"pct":38.46},"branches":{"total":2,"covered":0,"skipped":0,"pct":0}}
,"/home/ruijadom/code/projects/advicefront/af-fe-design-system/src/packages/components/grid/src/AfContainer.tsx": {"lines":{"total":6,"covered":3,"skipped":0,"pct":50},"functions":{"total":1,"covered":0,"skipped":0,"pct":0},"statements":{"total":7,"covered":4,"skipped":0,"pct":57.14},"branches":{"total":0,"covered":0,"skipped":0,"pct":100}}
,"/home/ruijadom/code/projects/advicefront/af-fe-design-system/src/packages/components/grid/src/AfRow.tsx": {"lines":{"total":14,"covered":4,"skipped":0,"pct":28.57},"functions":{"total":1,"covered":0,"skipped":0,"pct":0},"statements":{"total":17,"covered":5,"skipped":0,"pct":29.41},"branches":{"total":6,"covered":0,"skipped":0,"pct":0}}
,"/home/ruijadom/code/projects/advicefront/af-fe-design-system/src/packages/components/grid/src/AfSection.tsx": {"lines":{"total":6,"covered":4,"skipped":0,"pct":66.66},"functions":{"total":1,"covered":0,"skipped":0,"pct":0},"statements":{"total":8,"covered":5,"skipped":0,"pct":62.5},"branches":{"total":0,"covered":0,"skipped":0,"pct":100}}
,"/home/ruijadom/code/projects/advicefront/af-fe-design-system/src/packages/components/grid/src/index.tsx": {"lines":{"total":4,"covered":4,"skipped":0,"pct":100},"functions":{"total":0,"covered":0,"skipped":0,"pct":100},"statements":{"total":4,"covered":4,"skipped":0,"pct":100},"branches":{"total":0,"covered":0,"skipped":0,"pct":100}}
,"/home/ruijadom/code/projects/advicefront/af-fe-design-system/src/packages/components/loader/src/index.tsx": {"lines":{"total":10,"covered":4,"skipped":0,"pct":40},"functions":{"total":1,"covered":0,"skipped":0,"pct":0},"statements":{"total":13,"covered":5,"skipped":0,"pct":38.46},"branches":{"total":6,"covered":0,"skipped":0,"pct":0}}
,"/home/ruijadom/code/projects/advicefront/af-fe-design-system/src/packages/components/overlay/src/index.tsx": {"lines":{"total":18,"covered":4,"skipped":0,"pct":22.22},"functions":{"total":4,"covered":0,"skipped":0,"pct":0},"statements":{"total":25,"covered":5,"skipped":0,"pct":20},"branches":{"total":3,"covered":0,"skipped":0,"pct":0}}
,"/home/ruijadom/code/projects/advicefront/af-fe-design-system/src/packages/components/responsive/src/breakpoints.ts": {"lines":{"total":1,"covered":1,"skipped":0,"pct":100},"functions":{"total":0,"covered":0,"skipped":0,"pct":100},"statements":{"total":1,"covered":1,"skipped":0,"pct":100},"branches":{"total":0,"covered":0,"skipped":0,"pct":100}}
,"/home/ruijadom/code/projects/advicefront/af-fe-design-system/src/packages/components/responsive/src/index.ts": {"lines":{"total":3,"covered":3,"skipped":0,"pct":100},"functions":{"total":0,"covered":0,"skipped":0,"pct":100},"statements":{"total":3,"covered":3,"skipped":0,"pct":100},"branches":{"total":0,"covered":0,"skipped":0,"pct":100}}
,"/home/ruijadom/code/projects/advicefront/af-fe-design-system/src/packages/components/responsive/src/map-responsive.ts": {"lines":{"total":3,"covered":1,"skipped":0,"pct":33.33},"functions":{"total":2,"covered":0,"skipped":0,"pct":0},"statements":{"total":6,"covered":2,"skipped":0,"pct":33.33},"branches":{"total":2,"covered":0,"skipped":0,"pct":0}}
,"/home/ruijadom/code/projects/advicefront/af-fe-design-system/src/packages/components/responsive/src/hooks/responsive.ts": {"lines":{"total":33,"covered":4,"skipped":0,"pct":12.12},"functions":{"total":11,"covered":0,"skipped":0,"pct":0},"statements":{"total":42,"covered":5,"skipped":0,"pct":11.9},"branches":{"total":6,"covered":0,"skipped":0,"pct":0}}
,"/home/ruijadom/code/projects/advicefront/af-fe-design-system/src/packages/components/typography/src/index.tsx": {"lines":{"total":15,"covered":3,"skipped":0,"pct":20},"functions":{"total":2,"covered":0,"skipped":0,"pct":0},"statements":{"total":17,"covered":4,"skipped":0,"pct":23.52},"branches":{"total":8,"covered":0,"skipped":0,"pct":0}}
}
